mode: set
github.com/rretina/netjugo/examples/advanced/main.go:11.13,20.62 5 0
github.com/rretina/netjugo/examples/advanced/main.go:20.62,22.3 1 0
github.com/rretina/netjugo/examples/advanced/main.go:25.2,33.38 3 0
github.com/rretina/netjugo/examples/advanced/main.go:33.38,35.54 2 0
github.com/rretina/netjugo/examples/advanced/main.go:35.54,37.4 1 0
github.com/rretina/netjugo/examples/advanced/main.go:41.2,48.41 3 0
github.com/rretina/netjugo/examples/advanced/main.go:48.41,50.3 1 0
github.com/rretina/netjugo/examples/advanced/main.go:51.2,51.71 1 0
github.com/rretina/netjugo/examples/advanced/main.go:51.71,53.3 1 0
github.com/rretina/netjugo/examples/advanced/main.go:56.2,63.41 3 0
github.com/rretina/netjugo/examples/advanced/main.go:63.41,65.3 1 0
github.com/rretina/netjugo/examples/advanced/main.go:66.2,66.71 1 0
github.com/rretina/netjugo/examples/advanced/main.go:66.71,68.3 1 0
github.com/rretina/netjugo/examples/advanced/main.go:71.2,77.47 5 0
github.com/rretina/netjugo/examples/advanced/main.go:77.47,79.3 1 0
github.com/rretina/netjugo/examples/advanced/main.go:82.2,94.37 11 0
github.com/rretina/netjugo/examples/advanced/main.go:94.37,95.14 1 0
github.com/rretina/netjugo/examples/advanced/main.go:95.14,97.9 2 0
github.com/rretina/netjugo/examples/advanced/main.go:99.3,99.31 1 0
github.com/rretina/netjugo/examples/advanced/main.go:102.2,104.37 3 0
github.com/rretina/netjugo/examples/advanced/main.go:104.37,105.14 1 0
github.com/rretina/netjugo/examples/advanced/main.go:105.14,107.9 2 0
github.com/rretina/netjugo/examples/advanced/main.go:109.3,109.31 1 0
github.com/rretina/netjugo/examples/advanced/main.go:113.2,121.59 7 0
github.com/rretina/netjugo/examples/advanced/main.go:121.59,123.3 1 0
github.com/rretina/netjugo/examples/advanced/main.go:126.2,126.50 1 0
github.com/rretina/netjugo/examples/advanced/main.go:126.50,128.3 1 0
github.com/rretina/netjugo/examples/advanced/main.go:130.2,130.63 1 0
github.com/rretina/netjugo/examples/basic/main.go:10.13,30.34 6 0
github.com/rretina/netjugo/examples/basic/main.go:30.34,32.54 2 0
github.com/rretina/netjugo/examples/basic/main.go:32.54,34.4 1 0
github.com/rretina/netjugo/examples/basic/main.go:38.2,46.47 7 0
github.com/rretina/netjugo/examples/basic/main.go:46.47,48.3 1 0
github.com/rretina/netjugo/examples/basic/main.go:51.2,63.33 11 0
github.com/rretina/netjugo/examples/basic/main.go:63.33,65.3 1 0
github.com/rretina/netjugo/examples/basic/main.go:68.2,71.68 4 0
github.com/rretina/netjugo/cmd/ipaggregator/main.go:14.13,31.22 2 0
github.com/rretina/netjugo/cmd/ipaggregator/main.go:31.22,48.3 16 0
github.com/rretina/netjugo/cmd/ipaggregator/main.go:50.2,52.14 2 0
github.com/rretina/netjugo/cmd/ipaggregator/main.go:52.14,57.3 4 0
github.com/rretina/netjugo/cmd/ipaggregator/main.go:59.2,59.22 1 0
github.com/rretina/netjugo/cmd/ipaggregator/main.go:59.22,63.3 3 0
github.com/rretina/netjugo/cmd/ipaggregator/main.go:66.2,66.41 1 0
github.com/rretina/netjugo/cmd/ipaggregator/main.go:66.41,68.3 1 0
github.com/rretina/netjugo/cmd/ipaggregator/main.go:69.2,69.42 1 0
github.com/rretina/netjugo/cmd/ipaggregator/main.go:69.42,71.3 1 0
github.com/rretina/netjugo/cmd/ipaggregator/main.go:74.2,77.40 2 0
github.com/rretina/netjugo/cmd/ipaggregator/main.go:77.40,78.15 1 0
github.com/rretina/netjugo/cmd/ipaggregator/main.go:78.15,80.4 1 0
github.com/rretina/netjugo/cmd/ipaggregator/main.go:81.3,81.81 1 0
github.com/rretina/netjugo/cmd/ipaggregator/main.go:81.81,83.4 1 0
github.com/rretina/netjugo/cmd/ipaggregator/main.go:87.2,87.24 1 0
github.com/rretina/netjugo/cmd/ipaggregator/main.go:87.24,88.15 1 0
github.com/rretina/netjugo/cmd/ipaggregator/main.go:88.15,90.4 1 0
github.com/rretina/netjugo/cmd/ipaggregator/main.go:91.3,92.17 2 0
github.com/rretina/netjugo/cmd/ipaggregator/main.go:92.17,94.4 1 0
github.com/rretina/netjugo/cmd/ipaggregator/main.go:95.3,95.72 1 0
github.com/rretina/netjugo/cmd/ipaggregator/main.go:95.72,97.4 1 0
github.com/rretina/netjugo/cmd/ipaggregator/main.go:98.3,98.15 1 0
github.com/rretina/netjugo/cmd/ipaggregator/main.go:98.15,100.4 1 0
github.com/rretina/netjugo/cmd/ipaggregator/main.go:103.2,103.23 1 0
github.com/rretina/netjugo/cmd/ipaggregator/main.go:103.23,105.27 2 0
github.com/rretina/netjugo/cmd/ipaggregator/main.go:105.27,107.4 1 0
github.com/rretina/netjugo/cmd/ipaggregator/main.go:108.3,108.65 1 0
github.com/rretina/netjugo/cmd/ipaggregator/main.go:108.65,110.4 1 0
github.com/rretina/netjugo/cmd/ipaggregator/main.go:111.3,111.15 1 0
github.com/rretina/netjugo/cmd/ipaggregator/main.go:111.15,113.4 1 0
github.com/rretina/netjugo/cmd/ipaggregator/main.go:117.2,117.24 1 0
github.com/rretina/netjugo/cmd/ipaggregator/main.go:117.24,118.15 1 0
github.com/rretina/netjugo/cmd/ipaggregator/main.go:118.15,120.4 1 0
github.com/rretina/netjugo/cmd/ipaggregator/main.go:121.3,122.17 2 0
github.com/rretina/netjugo/cmd/ipaggregator/main.go:122.17,124.4 1 0
github.com/rretina/netjugo/cmd/ipaggregator/main.go:125.3,125.72 1 0
github.com/rretina/netjugo/cmd/ipaggregator/main.go:125.72,127.4 1 0
github.com/rretina/netjugo/cmd/ipaggregator/main.go:128.3,128.15 1 0
github.com/rretina/netjugo/cmd/ipaggregator/main.go:128.15,130.4 1 0
github.com/rretina/netjugo/cmd/ipaggregator/main.go:133.2,133.23 1 0
github.com/rretina/netjugo/cmd/ipaggregator/main.go:133.23,135.27 2 0
github.com/rretina/netjugo/cmd/ipaggregator/main.go:135.27,137.4 1 0
github.com/rretina/netjugo/cmd/ipaggregator/main.go:138.3,138.65 1 0
github.com/rretina/netjugo/cmd/ipaggregator/main.go:138.65,140.4 1 0
github.com/rretina/netjugo/cmd/ipaggregator/main.go:141.3,141.15 1 0
github.com/rretina/netjugo/cmd/ipaggregator/main.go:141.15,143.4 1 0
github.com/rretina/netjugo/cmd/ipaggregator/main.go:147.2,147.14 1 0
github.com/rretina/netjugo/cmd/ipaggregator/main.go:147.14,149.3 1 0
github.com/rretina/netjugo/cmd/ipaggregator/main.go:150.2,150.59 1 0
github.com/rretina/netjugo/cmd/ipaggregator/main.go:150.59,152.3 1 0
github.com/rretina/netjugo/cmd/ipaggregator/main.go:154.2,155.14 2 0
github.com/rretina/netjugo/cmd/ipaggregator/main.go:155.14,158.3 1 0
github.com/rretina/netjugo/cmd/ipaggregator/main.go:161.2,161.14 1 0
github.com/rretina/netjugo/cmd/ipaggregator/main.go:161.14,163.3 1 0
github.com/rretina/netjugo/cmd/ipaggregator/main.go:164.2,164.47 1 0
github.com/rretina/netjugo/cmd/ipaggregator/main.go:164.47,166.3 1 0
github.com/rretina/netjugo/cmd/ipaggregator/main.go:169.2,172.23 2 0
github.com/rretina/netjugo/cmd/ipaggregator/main.go:172.23,173.61 1 0
github.com/rretina/netjugo/cmd/ipaggregator/main.go:173.61,175.4 1 0
github.com/rretina/netjugo/cmd/ipaggregator/main.go:176.3,176.15 1 0
github.com/rretina/netjugo/cmd/ipaggregator/main.go:176.15,178.4 1 0
github.com/rretina/netjugo/cmd/ipaggregator/main.go:179.8,181.61 1 0
github.com/rretina/netjugo/cmd/ipaggregator/main.go:181.61,183.4 1 0
github.com/rretina/netjugo/cmd/ipaggregator/main.go:187.2,187.28 1 0
github.com/rretina/netjugo/cmd/ipaggregator/main.go:187.28,196.3 8 0
github.com/rretina/netjugo/cmd/ipaggregator/main.go:199.2,199.17 1 0
github.com/rretina/netjugo/cmd/ipaggregator/main.go:199.17,207.3 7 0
github.com/rretina/netjugo/cmd/ipaggregator/main.go:210.62,213.61 2 0
github.com/rretina/netjugo/cmd/ipaggregator/main.go:213.61,215.3 1 0
github.com/rretina/netjugo/cmd/ipaggregator/main.go:216.2,216.42 1 0
github.com/rretina/netjugo/cmd/ipaggregator/main.go:219.38,226.9 2 0
github.com/rretina/netjugo/cmd/ipaggregator/main.go:227.19,228.51 1 0
github.com/rretina/netjugo/cmd/ipaggregator/main.go:229.19,230.51 1 0
github.com/rretina/netjugo/cmd/ipaggregator/main.go:231.19,232.51 1 0
github.com/rretina/netjugo/cmd/ipaggregator/main.go:233.10,234.45 1 0
github.com/rretina/netjugo/examples/largescale/main.go:12.13,32.60 11 0
github.com/rretina/netjugo/examples/largescale/main.go:32.60,34.3 1 0
github.com/rretina/netjugo/examples/largescale/main.go:35.2,56.34 15 0
github.com/rretina/netjugo/examples/largescale/main.go:56.34,58.3 1 0
github.com/rretina/netjugo/examples/largescale/main.go:58.8,60.3 1 0
github.com/rretina/netjugo/examples/largescale/main.go:63.2,69.65 4 0
github.com/rretina/netjugo/examples/largescale/main.go:69.65,73.3 2 0
github.com/rretina/netjugo/examples/largescale/main.go:73.8,76.3 1 0
github.com/rretina/netjugo/examples/largescale/main.go:78.2,78.65 1 0
github.com/rretina/netjugo/examples/largescale/main.go:81.83,91.47 7 0
github.com/rretina/netjugo/examples/largescale/main.go:91.47,93.3 1 0
github.com/rretina/netjugo/examples/largescale/main.go:94.2,140.40 31 0
github.com/rretina/netjugo/examples/largescale/main.go:140.40,142.33 2 0
github.com/rretina/netjugo/examples/largescale/main.go:142.33,144.4 1 0
github.com/rretina/netjugo/examples/largescale/main.go:144.9,146.4 1 0
github.com/rretina/netjugo/examples/largescale/main.go:150.2,150.41 1 0
github.com/rretina/netjugo/examples/largescale/main.go:150.41,152.33 2 0
github.com/rretina/netjugo/examples/largescale/main.go:152.33,154.4 1 0
github.com/rretina/netjugo/examples/largescale/main.go:154.9,156.4 1 0
github.com/rretina/netjugo/examples/largescale/main.go:160.2,161.41 2 0
github.com/rretina/netjugo/examples/largescale/main.go:161.41,162.54 1 0
github.com/rretina/netjugo/examples/largescale/main.go:162.54,165.4 1 0
github.com/rretina/netjugo/examples/largescale/main.go:165.9,168.4 1 0
github.com/rretina/netjugo/aggregator.go:20.26,25.3 1 1
github.com/rretina/netjugo/aggregator.go:29.34,31.2 1 1
github.com/rretina/netjugo/aggregator.go:34.35,40.2 4 0
github.com/rretina/netjugo/aggregator.go:80.46,91.2 1 1
github.com/rretina/netjugo/aggregator.go:93.76,94.33 1 1
github.com/rretina/netjugo/aggregator.go:94.33,96.3 1 1
github.com/rretina/netjugo/aggregator.go:97.2,97.34 1 1
github.com/rretina/netjugo/aggregator.go:97.34,99.3 1 1
github.com/rretina/netjugo/aggregator.go:101.2,106.12 5 1
github.com/rretina/netjugo/aggregator.go:109.73,116.37 5 1
github.com/rretina/netjugo/aggregator.go:116.37,118.17 2 1
github.com/rretina/netjugo/aggregator.go:118.17,120.4 1 0
github.com/rretina/netjugo/aggregator.go:122.3,122.35 1 1
github.com/rretina/netjugo/aggregator.go:122.35,124.4 1 1
github.com/rretina/netjugo/aggregator.go:124.9,126.4 1 0
github.com/rretina/netjugo/aggregator.go:129.2,129.12 1 1
github.com/rretina/netjugo/aggregator.go:132.73,139.37 5 1
github.com/rretina/netjugo/aggregator.go:139.37,141.17 2 1
github.com/rretina/netjugo/aggregator.go:141.17,143.4 1 0
github.com/rretina/netjugo/aggregator.go:145.3,145.35 1 1
github.com/rretina/netjugo/aggregator.go:145.35,147.4 1 1
github.com/rretina/netjugo/aggregator.go:147.9,149.4 1 0
github.com/rretina/netjugo/aggregator.go:152.2,152.12 1 1
github.com/rretina/netjugo/aggregator.go:155.63,157.16 2 1
github.com/rretina/netjugo/aggregator.go:157.16,159.3 1 0
github.com/rretina/netjugo/aggregator.go:161.2,164.34 3 1
github.com/rretina/netjugo/aggregator.go:164.34,166.3 1 1
github.com/rretina/netjugo/aggregator.go:166.8,168.3 1 1
github.com/rretina/netjugo/aggregator.go:170.2,171.12 2 1
github.com/rretina/netjugo/aggregator.go:174.66,175.37 1 1
github.com/rretina/netjugo/aggregator.go:175.37,176.49 1 1
github.com/rretina/netjugo/aggregator.go:176.49,178.4 1 0
github.com/rretina/netjugo/aggregator.go:180.2,180.12 1 1
github.com/rretina/netjugo/aggregator.go:183.60,185.16 2 0
github.com/rretina/netjugo/aggregator.go:185.16,186.25 1 0
github.com/rretina/netjugo/aggregator.go:186.25,188.4 1 0
github.com/rretina/netjugo/aggregator.go:189.3,189.61 1 0
github.com/rretina/netjugo/aggregator.go:191.2,193.31 2 0
github.com/rretina/netjugo/aggregator.go:196.67,200.21 3 0
github.com/rretina/netjugo/aggregator.go:200.21,206.60 3 0
github.com/rretina/netjugo/aggregator.go:206.60,207.12 1 0
github.com/rretina/netjugo/aggregator.go:211.3,211.35 1 0
github.com/rretina/netjugo/aggregator.go:211.35,213.35 1 0
github.com/rretina/netjugo/aggregator.go:213.35,215.5 1 0
github.com/rretina/netjugo/aggregator.go:215.10,215.44 1 0
github.com/rretina/netjugo/aggregator.go:215.44,217.5 1 0
github.com/rretina/netjugo/aggregator.go:217.10,219.13 1 0
github.com/rretina/netjugo/aggregator.go:223.3,223.44 1 0
github.com/rretina/netjugo/aggregator.go:223.44,225.12 1 0
github.com/rretina/netjugo/aggregator.go:229.2,229.38 1 0
github.com/rretina/netjugo/aggregator.go:229.38,231.3 1 0
github.com/rretina/netjugo/aggregator.go:233.2,233.12 1 0
github.com/rretina/netjugo/aggregator.go:236.43,241.36 3 0
github.com/rretina/netjugo/aggregator.go:241.36,243.3 1 0
github.com/rretina/netjugo/aggregator.go:244.2,244.36 1 0
github.com/rretina/netjugo/aggregator.go:244.36,246.3 1 0
github.com/rretina/netjugo/aggregator.go:247.2,247.35 1 0
github.com/rretina/netjugo/aggregator.go:247.35,249.3 1 0
github.com/rretina/netjugo/aggregator.go:250.2,250.35 1 0
github.com/rretina/netjugo/aggregator.go:250.35,252.3 1 0
github.com/rretina/netjugo/aggregator.go:253.2,253.35 1 0
github.com/rretina/netjugo/aggregator.go:253.35,255.3 1 0
github.com/rretina/netjugo/aggregator.go:256.2,256.35 1 0
github.com/rretina/netjugo/aggregator.go:256.35,258.3 1 0
github.com/rretina/netjugo/aggregator.go:260.2,269.12 9 0
github.com/rretina/netjugo/aggregator.go:272.52,278.41 4 1
github.com/rretina/netjugo/aggregator.go:278.41,280.3 1 1
github.com/rretina/netjugo/aggregator.go:281.2,281.41 1 1
github.com/rretina/netjugo/aggregator.go:281.41,283.3 1 1
github.com/rretina/netjugo/aggregator.go:285.2,285.15 1 1
github.com/rretina/netjugo/aggregator.go:288.56,293.41 4 1
github.com/rretina/netjugo/aggregator.go:293.41,295.3 1 1
github.com/rretina/netjugo/aggregator.go:297.2,297.15 1 1
github.com/rretina/netjugo/aggregator.go:300.56,305.41 4 1
github.com/rretina/netjugo/aggregator.go:305.41,307.3 1 1
github.com/rretina/netjugo/aggregator.go:309.2,309.15 1 1
github.com/rretina/netjugo/aggregator.go:312.57,321.26 7 0
github.com/rretina/netjugo/aggregator.go:321.26,323.3 1 0
github.com/rretina/netjugo/aggregator.go:325.2,335.3 2 0
github.com/rretina/netjugo/aggregator.go:338.58,353.2 9 1
github.com/rretina/netjugo/aggregator.go:355.84,356.24 1 1
github.com/rretina/netjugo/aggregator.go:356.24,358.3 1 1
github.com/rretina/netjugo/aggregator.go:361.2,367.34 3 1
github.com/rretina/netjugo/aggregator.go:367.34,368.20 1 1
github.com/rretina/netjugo/aggregator.go:368.20,373.25 2 1
github.com/rretina/netjugo/aggregator.go:373.25,375.5 1 1
github.com/rretina/netjugo/aggregator.go:376.4,376.25 1 1
github.com/rretina/netjugo/aggregator.go:376.25,378.5 1 1
github.com/rretina/netjugo/aggregator.go:382.2,382.20 1 1
github.com/rretina/netjugo/aggregator.go:385.58,399.2 5 1
github.com/rretina/netjugo/aggregator.go:401.60,403.16 2 1
github.com/rretina/netjugo/aggregator.go:403.16,405.3 1 0
github.com/rretina/netjugo/aggregator.go:406.2,408.31 2 1
github.com/rretina/netjugo/aggregator.go:411.67,414.34 2 1
github.com/rretina/netjugo/aggregator.go:414.34,415.64 1 1
github.com/rretina/netjugo/aggregator.go:415.64,417.4 1 0
github.com/rretina/netjugo/aggregator.go:420.2,420.12 1 1
github.com/rretina/netjugo/algorithms.go:11.47,18.47 4 1
github.com/rretina/netjugo/algorithms.go:18.47,20.3 1 0
github.com/rretina/netjugo/algorithms.go:23.2,23.53 1 1
github.com/rretina/netjugo/algorithms.go:23.53,25.3 1 0
github.com/rretina/netjugo/algorithms.go:28.2,28.52 1 1
github.com/rretina/netjugo/algorithms.go:28.52,30.3 1 0
github.com/rretina/netjugo/algorithms.go:32.2,32.52 1 1
github.com/rretina/netjugo/algorithms.go:32.52,34.3 1 0
github.com/rretina/netjugo/algorithms.go:37.2,37.63 1 1
github.com/rretina/netjugo/algorithms.go:37.63,39.3 1 0
github.com/rretina/netjugo/algorithms.go:41.2,41.63 1 1
github.com/rretina/netjugo/algorithms.go:41.63,43.3 1 0
github.com/rretina/netjugo/algorithms.go:46.2,46.47 1 1
github.com/rretina/netjugo/algorithms.go:46.47,48.3 1 0
github.com/rretina/netjugo/algorithms.go:51.2,51.52 1 1
github.com/rretina/netjugo/algorithms.go:51.52,53.3 1 0
github.com/rretina/netjugo/algorithms.go:55.2,55.52 1 1
github.com/rretina/netjugo/algorithms.go:55.52,57.3 1 0
github.com/rretina/netjugo/algorithms.go:59.2,60.12 2 1
github.com/rretina/netjugo/algorithms.go:63.60,64.31 1 1
github.com/rretina/netjugo/algorithms.go:64.31,66.3 1 0
github.com/rretina/netjugo/algorithms.go:68.2,68.50 1 1
github.com/rretina/netjugo/algorithms.go:68.50,70.3 1 1
github.com/rretina/netjugo/algorithms.go:72.2,72.41 1 1
github.com/rretina/netjugo/algorithms.go:75.60,76.31 1 1
github.com/rretina/netjugo/algorithms.go:76.31,78.3 1 1
github.com/rretina/netjugo/algorithms.go:80.2,80.50 1 1
github.com/rretina/netjugo/algorithms.go:80.50,82.3 1 1
github.com/rretina/netjugo/algorithms.go:84.2,84.41 1 1
github.com/rretina/netjugo/algorithms.go:87.70,88.25 1 1
github.com/rretina/netjugo/algorithms.go:88.25,90.3 1 1
github.com/rretina/netjugo/algorithms.go:92.2,93.62 2 1
github.com/rretina/netjugo/algorithms.go:93.62,97.40 3 1
github.com/rretina/netjugo/algorithms.go:97.40,99.31 2 1
github.com/rretina/netjugo/algorithms.go:99.31,101.5 1 1
github.com/rretina/netjugo/algorithms.go:105.2,106.12 2 1
github.com/rretina/netjugo/algorithms.go:109.45,111.2 1 1
github.com/rretina/netjugo/algorithms.go:113.76,114.25 1 1
github.com/rretina/netjugo/algorithms.go:114.25,116.3 1 1
github.com/rretina/netjugo/algorithms.go:118.2,120.12 3 1
github.com/rretina/netjugo/algorithms.go:120.12,122.3 1 1
github.com/rretina/netjugo/algorithms.go:124.2,125.14 2 1
github.com/rretina/netjugo/algorithms.go:125.14,131.26 4 1
github.com/rretina/netjugo/algorithms.go:131.26,134.29 2 1
github.com/rretina/netjugo/algorithms.go:134.29,136.10 2 1
github.com/rretina/netjugo/algorithms.go:139.4,141.31 2 1
github.com/rretina/netjugo/algorithms.go:141.31,145.5 3 1
github.com/rretina/netjugo/algorithms.go:145.10,145.38 1 1
github.com/rretina/netjugo/algorithms.go:145.38,149.5 3 0
github.com/rretina/netjugo/algorithms.go:149.10,149.41 1 1
github.com/rretina/netjugo/algorithms.go:149.41,151.76 2 1
github.com/rretina/netjugo/algorithms.go:151.76,155.6 3 1
github.com/rretina/netjugo/algorithms.go:155.11,158.6 2 1
github.com/rretina/netjugo/algorithms.go:159.10,159.38 1 1
github.com/rretina/netjugo/algorithms.go:159.38,161.76 2 0
github.com/rretina/netjugo/algorithms.go:161.76,165.6 3 0
github.com/rretina/netjugo/algorithms.go:165.11,168.6 2 0
github.com/rretina/netjugo/algorithms.go:169.10,172.5 2 1
github.com/rretina/netjugo/algorithms.go:175.3,175.26 1 1
github.com/rretina/netjugo/algorithms.go:178.2,178.12 1 1
github.com/rretina/netjugo/algorithms.go:181.44,183.2 1 1
github.com/rretina/netjugo/algorithms.go:185.39,189.33 3 1
github.com/rretina/netjugo/algorithms.go:189.33,191.3 1 1
github.com/rretina/netjugo/algorithms.go:193.2,194.33 2 1
github.com/rretina/netjugo/algorithms.go:194.33,196.3 1 0
github.com/rretina/netjugo/algorithms.go:198.2,198.14 1 1
github.com/rretina/netjugo/algorithms.go:201.36,203.2 1 1
github.com/rretina/netjugo/algorithms.go:205.55,208.27 2 1
github.com/rretina/netjugo/algorithms.go:208.27,210.3 1 1
github.com/rretina/netjugo/algorithms.go:210.8,212.3 1 0
github.com/rretina/netjugo/algorithms.go:214.2,214.27 1 1
github.com/rretina/netjugo/algorithms.go:214.27,216.3 1 0
github.com/rretina/netjugo/algorithms.go:216.8,218.3 1 1
github.com/rretina/netjugo/algorithms.go:220.2,220.60 1 1
github.com/rretina/netjugo/algorithms.go:220.60,222.17 2 1
github.com/rretina/netjugo/algorithms.go:222.17,224.4 1 0
github.com/rretina/netjugo/algorithms.go:226.3,231.21 5 1
github.com/rretina/netjugo/algorithms.go:234.2,234.70 1 1
github.com/rretina/netjugo/algorithms.go:237.58,240.27 2 0
github.com/rretina/netjugo/algorithms.go:240.27,242.3 1 0
github.com/rretina/netjugo/algorithms.go:242.8,244.3 1 0
github.com/rretina/netjugo/algorithms.go:246.2,246.27 1 0
github.com/rretina/netjugo/algorithms.go:246.27,248.3 1 0
github.com/rretina/netjugo/algorithms.go:248.8,250.3 1 0
github.com/rretina/netjugo/algorithms.go:252.2,252.60 1 0
github.com/rretina/netjugo/algorithms.go:252.60,254.17 2 0
github.com/rretina/netjugo/algorithms.go:254.17,256.4 1 0
github.com/rretina/netjugo/algorithms.go:258.3,263.21 5 0
github.com/rretina/netjugo/algorithms.go:266.2,266.70 1 0
github.com/rretina/netjugo/algorithms.go:269.69,272.2 2 1
github.com/rretina/netjugo/algorithms.go:274.61,275.56 1 1
github.com/rretina/netjugo/algorithms.go:275.56,277.3 1 0
github.com/rretina/netjugo/algorithms.go:279.2,279.56 1 1
github.com/rretina/netjugo/algorithms.go:279.56,281.3 1 0
github.com/rretina/netjugo/algorithms.go:283.2,283.12 1 1
github.com/rretina/netjugo/algorithms.go:286.64,287.59 1 1
github.com/rretina/netjugo/algorithms.go:287.59,289.3 1 1
github.com/rretina/netjugo/algorithms.go:291.2,293.41 2 1
github.com/rretina/netjugo/algorithms.go:293.41,294.49 1 1
github.com/rretina/netjugo/algorithms.go:294.49,297.18 2 1
github.com/rretina/netjugo/algorithms.go:297.18,299.5 1 0
github.com/rretina/netjugo/algorithms.go:300.4,300.46 1 1
github.com/rretina/netjugo/algorithms.go:301.9,304.4 1 1
github.com/rretina/netjugo/algorithms.go:307.2,308.12 2 1
github.com/rretina/netjugo/algorithms.go:311.64,312.59 1 1
github.com/rretina/netjugo/algorithms.go:312.59,314.3 1 1
github.com/rretina/netjugo/algorithms.go:316.2,318.41 2 1
github.com/rretina/netjugo/algorithms.go:318.41,319.49 1 1
github.com/rretina/netjugo/algorithms.go:319.49,322.18 2 1
github.com/rretina/netjugo/algorithms.go:322.18,324.5 1 0
github.com/rretina/netjugo/algorithms.go:325.4,325.46 1 1
github.com/rretina/netjugo/algorithms.go:326.9,329.4 1 1
github.com/rretina/netjugo/algorithms.go:332.2,333.12 2 1
github.com/rretina/netjugo/algorithms.go:336.77,340.32 2 1
github.com/rretina/netjugo/algorithms.go:340.32,342.3 1 1
github.com/rretina/netjugo/algorithms.go:345.2,349.16 3 1
github.com/rretina/netjugo/algorithms.go:349.16,351.3 1 0
github.com/rretina/netjugo/algorithms.go:354.2,355.16 2 1
github.com/rretina/netjugo/algorithms.go:355.16,357.3 1 0
github.com/rretina/netjugo/algorithms.go:359.2,364.20 5 1
github.com/rretina/netjugo/exclusion.go:10.55,12.47 1 1
github.com/rretina/netjugo/exclusion.go:12.47,14.3 1 1
github.com/rretina/netjugo/exclusion.go:16.2,16.47 1 1
github.com/rretina/netjugo/exclusion.go:16.47,18.3 1 0
github.com/rretina/netjugo/exclusion.go:20.2,20.12 1 1
github.com/rretina/netjugo/exclusion.go:23.55,24.51 1 1
github.com/rretina/netjugo/exclusion.go:24.51,26.3 1 0
github.com/rretina/netjugo/exclusion.go:28.2,28.51 1 1
github.com/rretina/netjugo/exclusion.go:28.51,30.3 1 0
github.com/rretina/netjugo/exclusion.go:32.2,32.12 1 1
github.com/rretina/netjugo/exclusion.go:35.59,36.30 1 1
github.com/rretina/netjugo/exclusion.go:36.30,38.3 1 1
github.com/rretina/netjugo/exclusion.go:40.2,40.47 1 1
github.com/rretina/netjugo/exclusion.go:40.47,43.28 2 1
github.com/rretina/netjugo/exclusion.go:43.28,44.12 1 0
github.com/rretina/netjugo/exclusion.go:47.3,48.17 2 1
github.com/rretina/netjugo/exclusion.go:48.17,50.4 1 0
github.com/rretina/netjugo/exclusion.go:52.3,52.88 1 1
github.com/rretina/netjugo/exclusion.go:55.2,55.12 1 1
github.com/rretina/netjugo/exclusion.go:58.59,59.30 1 1
github.com/rretina/netjugo/exclusion.go:59.30,61.3 1 1
github.com/rretina/netjugo/exclusion.go:63.2,63.47 1 0
github.com/rretina/netjugo/exclusion.go:63.47,66.28 2 0
github.com/rretina/netjugo/exclusion.go:66.28,67.12 1 0
github.com/rretina/netjugo/exclusion.go:70.3,71.17 2 0
github.com/rretina/netjugo/exclusion.go:71.17,73.4 1 0
github.com/rretina/netjugo/exclusion.go:75.3,75.88 1 0
github.com/rretina/netjugo/exclusion.go:78.2,78.12 1 0
github.com/rretina/netjugo/exclusion.go:81.107,82.26 1 1
github.com/rretina/netjugo/exclusion.go:82.26,84.3 1 0
github.com/rretina/netjugo/exclusion.go:88.2,92.20 4 1
github.com/rretina/netjugo/exclusion.go:92.20,94.47 2 1
github.com/rretina/netjugo/exclusion.go:94.47,97.4 2 1
github.com/rretina/netjugo/exclusion.go:97.9,99.4 1 0
github.com/rretina/netjugo/exclusion.go:102.2,102.25 1 1
github.com/rretina/netjugo/exclusion.go:102.25,105.3 1 0
github.com/rretina/netjugo/exclusion.go:108.2,109.38 2 1
github.com/rretina/netjugo/exclusion.go:109.38,112.37 2 1
github.com/rretina/netjugo/exclusion.go:112.37,113.9 1 0
github.com/rretina/netjugo/exclusion.go:115.3,115.31 1 1
github.com/rretina/netjugo/exclusion.go:115.31,117.4 1 1
github.com/rretina/netjugo/exclusion.go:121.2,121.42 1 1
github.com/rretina/netjugo/exclusion.go:121.42,124.3 2 0
github.com/rretina/netjugo/exclusion.go:126.2,126.20 1 1
github.com/rretina/netjugo/exclusion.go:129.144,132.50 2 1
github.com/rretina/netjugo/exclusion.go:132.50,134.17 2 1
github.com/rretina/netjugo/exclusion.go:134.17,136.4 1 0
github.com/rretina/netjugo/exclusion.go:137.3,137.41 1 1
github.com/rretina/netjugo/exclusion.go:140.2,140.20 1 1
github.com/rretina/netjugo/exclusion.go:143.107,145.33 1 1
github.com/rretina/netjugo/exclusion.go:145.33,147.3 1 0
github.com/rretina/netjugo/exclusion.go:150.2,150.34 1 1
github.com/rretina/netjugo/exclusion.go:150.34,152.3 1 0
github.com/rretina/netjugo/exclusion.go:155.2,155.33 1 1
github.com/rretina/netjugo/exclusion.go:155.33,157.3 1 1
github.com/rretina/netjugo/exclusion.go:160.2,160.50 1 0
github.com/rretina/netjugo/exclusion.go:163.113,167.39 2 1
github.com/rretina/netjugo/exclusion.go:167.39,169.37 2 1
github.com/rretina/netjugo/exclusion.go:169.37,171.18 2 1
github.com/rretina/netjugo/exclusion.go:171.18,173.5 1 0
github.com/rretina/netjugo/exclusion.go:174.4,174.44 1 1
github.com/rretina/netjugo/exclusion.go:179.2,179.39 1 1
github.com/rretina/netjugo/exclusion.go:179.39,181.38 2 1
github.com/rretina/netjugo/exclusion.go:181.38,183.18 2 1
github.com/rretina/netjugo/exclusion.go:183.18,185.5 1 0
github.com/rretina/netjugo/exclusion.go:186.4,186.45 1 1
github.com/rretina/netjugo/exclusion.go:190.2,190.20 1 1
github.com/rretina/netjugo/exclusion.go:193.104,198.77 2 0
github.com/rretina/netjugo/exclusion.go:198.77,202.3 2 0
github.com/rretina/netjugo/exclusion.go:202.8,202.84 1 0
github.com/rretina/netjugo/exclusion.go:202.84,206.3 2 0
github.com/rretina/netjugo/exclusion.go:206.8,209.3 1 0
github.com/rretina/netjugo/exclusion.go:211.2,211.35 1 0
github.com/rretina/netjugo/exclusion.go:211.35,213.3 1 0
github.com/rretina/netjugo/exclusion.go:215.2,215.27 1 0
github.com/rretina/netjugo/exclusion.go:218.102,221.16 2 1
github.com/rretina/netjugo/exclusion.go:221.16,223.17 2 1
github.com/rretina/netjugo/exclusion.go:223.17,225.4 1 0
github.com/rretina/netjugo/exclusion.go:226.3,231.34 5 1
github.com/rretina/netjugo/exclusion.go:235.2,235.23 1 1
github.com/rretina/netjugo/exclusion.go:235.23,238.17 2 0
github.com/rretina/netjugo/exclusion.go:238.17,240.4 1 0
github.com/rretina/netjugo/exclusion.go:242.3,243.17 2 0
github.com/rretina/netjugo/exclusion.go:243.17,245.4 1 0
github.com/rretina/netjugo/exclusion.go:247.3,252.34 5 0
github.com/rretina/netjugo/exclusion.go:256.2,262.23 4 1
github.com/rretina/netjugo/exclusion.go:262.23,264.17 2 1
github.com/rretina/netjugo/exclusion.go:264.17,266.4 1 0
github.com/rretina/netjugo/exclusion.go:267.3,267.43 1 1
github.com/rretina/netjugo/exclusion.go:271.2,272.30 2 1
github.com/rretina/netjugo/exclusion.go:272.30,274.17 2 1
github.com/rretina/netjugo/exclusion.go:274.17,276.4 1 0
github.com/rretina/netjugo/exclusion.go:277.3,277.44 1 1
github.com/rretina/netjugo/exclusion.go:280.2,280.20 1 1
github.com/rretina/netjugo/exclusion.go:283.137,286.35 2 1
github.com/rretina/netjugo/exclusion.go:286.35,288.3 1 1
github.com/rretina/netjugo/exclusion.go:290.2,293.38 2 1
github.com/rretina/netjugo/exclusion.go:293.38,294.24 1 1
github.com/rretina/netjugo/exclusion.go:294.24,296.4 1 0
github.com/rretina/netjugo/exclusion.go:300.2,303.41 2 1
github.com/rretina/netjugo/exclusion.go:303.41,305.3 1 1
github.com/rretina/netjugo/exclusion.go:307.2,307.15 1 1
github.com/rretina/netjugo/validation.go:11.57,13.21 2 1
github.com/rretina/netjugo/validation.go:13.21,15.3 1 0
github.com/rretina/netjugo/validation.go:17.2,18.16 2 1
github.com/rretina/netjugo/validation.go:18.16,20.3 1 1
github.com/rretina/netjugo/validation.go:22.2,22.23 1 1
github.com/rretina/netjugo/validation.go:22.23,24.3 1 0
github.com/rretina/netjugo/validation.go:26.2,27.16 2 1
github.com/rretina/netjugo/validation.go:27.16,29.3 1 0
github.com/rretina/netjugo/validation.go:31.2,36.22 5 1
github.com/rretina/netjugo/validation.go:39.84,43.16 3 1
github.com/rretina/netjugo/validation.go:43.16,45.3 1 1
github.com/rretina/netjugo/validation.go:45.8,45.23 1 1
github.com/rretina/netjugo/validation.go:45.23,47.3 1 1
github.com/rretina/netjugo/validation.go:49.2,49.86 1 0
github.com/rretina/netjugo/validation.go:52.94,53.27 1 1
github.com/rretina/netjugo/validation.go:53.27,55.3 1 0
github.com/rretina/netjugo/validation.go:57.2,62.16 4 1
github.com/rretina/netjugo/validation.go:62.16,64.3 1 1
github.com/rretina/netjugo/validation.go:66.2,75.30 7 1
github.com/rretina/netjugo/validation.go:78.94,79.28 1 1
github.com/rretina/netjugo/validation.go:79.28,81.3 1 0
github.com/rretina/netjugo/validation.go:83.2,88.17 4 1
github.com/rretina/netjugo/validation.go:88.17,90.3 1 0
github.com/rretina/netjugo/validation.go:92.2,96.20 3 1
github.com/rretina/netjugo/validation.go:96.20,100.20 3 1
github.com/rretina/netjugo/validation.go:100.20,105.4 4 1
github.com/rretina/netjugo/validation.go:106.8,109.3 2 1
github.com/rretina/netjugo/validation.go:111.2,112.22 2 1
github.com/rretina/netjugo/validation.go:112.22,114.40 2 1
github.com/rretina/netjugo/validation.go:114.40,116.4 1 1
github.com/rretina/netjugo/validation.go:118.3,120.32 3 1
github.com/rretina/netjugo/validation.go:123.2,123.21 1 1
github.com/rretina/netjugo/validation.go:123.21,128.32 4 1
github.com/rretina/netjugo/validation.go:128.32,130.4 1 1
github.com/rretina/netjugo/validation.go:131.3,131.29 1 1
github.com/rretina/netjugo/validation.go:134.2,134.30 1 1
github.com/rretina/netjugo/validation.go:137.56,138.12 1 1
github.com/rretina/netjugo/validation.go:138.12,139.28 1 1
github.com/rretina/netjugo/validation.go:139.28,141.4 1 1
github.com/rretina/netjugo/validation.go:142.8,143.29 1 1
github.com/rretina/netjugo/validation.go:143.29,145.4 1 1
github.com/rretina/netjugo/validation.go:147.2,147.12 1 1
github.com/rretina/netjugo/validation.go:150.45,153.2 2 1
github.com/rretina/netjugo/validation.go:155.85,156.12 1 1
github.com/rretina/netjugo/validation.go:156.12,158.3 1 1
github.com/rretina/netjugo/validation.go:159.2,159.43 1 0
github.com/rretina/netjugo/validation.go:162.76,163.22 1 1
github.com/rretina/netjugo/validation.go:163.22,165.3 1 0
github.com/rretina/netjugo/validation.go:167.2,170.48 3 1
github.com/rretina/netjugo/validation.go:170.48,172.3 1 0
github.com/rretina/netjugo/validation.go:174.2,174.22 1 1
github.com/rretina/netjugo/validation.go:174.22,183.3 3 1
github.com/rretina/netjugo/validation.go:185.2,187.40 2 1
github.com/rretina/netjugo/validation.go:187.40,189.3 1 1
github.com/rretina/netjugo/validation.go:191.2,192.20 2 1
github.com/rretina/netjugo/validation.go:192.20,195.3 2 1
github.com/rretina/netjugo/validation.go:197.2,199.40 3 1
github.com/rretina/netjugo/validation.go:199.40,201.3 1 1
github.com/rretina/netjugo/validation.go:203.2,211.48 3 1
github.com/rretina/netjugo/validation.go:214.76,215.22 1 0
github.com/rretina/netjugo/validation.go:215.22,217.3 1 0
github.com/rretina/netjugo/validation.go:219.2,219.23 1 0
github.com/rretina/netjugo/validation.go:219.23,227.3 6 0
github.com/rretina/netjugo/validation.go:229.2,232.25 3 0
github.com/rretina/netjugo/validation.go:232.25,234.3 1 0
github.com/rretina/netjugo/validation.go:236.2,238.38 3 0
github.com/rretina/netjugo/validation.go:238.38,241.3 2 0
github.com/rretina/netjugo/validation.go:243.2,244.18 2 0
github.com/rretina/netjugo/validation.go:244.18,248.26 4 0
github.com/rretina/netjugo/validation.go:248.26,250.4 1 0
github.com/rretina/netjugo/validation.go:253.2,260.48 6 0
github.com/rretina/netjugo/validation.go:263.40,264.16 1 0
github.com/rretina/netjugo/validation.go:264.16,266.3 1 0
github.com/rretina/netjugo/validation.go:267.2,269.22 3 0
